# JRE version: OpenJDK Runtime Environment (17.0.7) (build 17.0.7+0-b2043.56-10550314)
# Java VM: OpenJDK 64-Bit Server VM (17.0.7+0-b2043.56-10550314, mixed mode, tiered, compressed oops, compressed class ptrs, g1 gc, windows-amd64)
GC Precious Log:
 CPUs: 8 total, 8 available
 Memory: 3982M
 Large Page Support: Disabled
 NUMA Support: Disabled
 Compressed Oops: Enabled (32-bit)
 Heap Region Size: 1M
 Heap Min Capacity: 8M
 Heap Initial Capacity: 64M
 Heap Max Capacity: 2G
 Pre-touch: Disabled
 Parallel Workers: 8
 Concurrent Workers: 2
 Concurrent Refinement Workers: 8
 Periodic GC: Disabled
Heap:
 garbage-first heap   total 393216K, used 244821K [0x0000000080000000, 0x0000000100000000)
  region size 1024K, 37 young (37888K), 4 survivors (4096K)
 Metaspace       used 117949K, committed 119168K, reserved 1179648K
  class space    used 15812K, committed 16320K, reserved 1048576K
GC Heap History (20 events):
Event: 59.799 GC heap before
{Heap before GC invocations=59 (full 0):
 garbage-first heap   total 393216K, used 201662K [0x0000000080000000, 0x0000000100000000)
  region size 1024K, 44 young (45056K), 10 survivors (10240K)
 Metaspace       used 95396K, committed 96128K, reserved 1179648K
  class space    used 13139K, committed 13504K, reserved 1048576K
}
Event: 59.814 GC heap after
{Heap after GC invocations=60 (full 0):
 garbage-first heap   total 393216K, used 169070K [0x0000000080000000, 0x0000000100000000)
  region size 1024K, 11 young (11264K), 11 survivors (11264K)
 Metaspace       used 95396K, committed 96128K, reserved 1179648K
  class space    used 13139K, committed 13504K, reserved 1048576K
}
Event: 67.339 GC heap before
{Heap before GC invocations=61 (full 0):
 garbage-first heap   total 393216K, used 340078K [0x0000000080000000, 0x0000000100000000)
  region size 1024K, 156 young (159744K), 11 survivors (11264K)
 Metaspace       used 107661K, committed 108416K, reserved 1179648K
  class space    used 14585K, committed 14912K, reserved 1048576K
}
Event: 67.394 GC heap after
{Heap after GC invocations=62 (full 0):
 garbage-first heap   total 393216K, used 182958K [0x0000000080000000, 0x0000000100000000)
  region size 1024K, 20 young (20480K), 20 survivors (20480K)
 Metaspace       used 107661K, committed 108416K, reserved 1179648K
  class space    used 14585K, committed 14912K, reserved 1048576K
}
Event: 67.407 GC heap before
{Heap before GC invocations=62 (full 0):
 garbage-first heap   total 393216K, used 183982K [0x0000000080000000, 0x0000000100000000)
  region size 1024K, 21 young (21504K), 20 survivors (20480K)
 Metaspace       used 107661K, committed 108416K, reserved 1179648K
  class space    used 14585K, committed 14912K, reserved 1048576K
}
Event: 67.454 GC heap after
{Heap after GC invocations=63 (full 0):
 garbage-first heap   total 393216K, used 184429K [0x0000000080000000, 0x0000000100000000)
  region size 1024K, 3 young (3072K), 3 survivors (3072K)
 Metaspace       used 107661K, committed 108416K, reserved 1179648K
  class space    used 14585K, committed 14912K, reserved 1048576K
}
Event: 71.770 GC heap before
{Heap before GC invocations=63 (full 0):
 garbage-first heap   total 393216K, used 320621K [0x0000000080000000, 0x0000000100000000)
  region size 1024K, 136 young (139264K), 3 survivors (3072K)
 Metaspace       used 110408K, committed 111232K, reserved 1179648K
  class space    used 14901K, committed 15296K, reserved 1048576K
}
Event: 71.798 GC heap after
{Heap after GC invocations=64 (full 0):
 garbage-first heap   total 393216K, used 192427K [0x0000000080000000, 0x0000000100000000)
  region size 1024K, 11 young (11264K), 11 survivors (11264K)
 Metaspace       used 110408K, committed 111232K, reserved 1179648K
  class space    used 14901K, committed 15296K, reserved 1048576K
}
Event: 3085.853 GC heap before
{Heap before GC invocations=64 (full 0):
 garbage-first heap   total 393216K, used 322475K [0x0000000080000000, 0x0000000100000000)
  region size 1024K, 138 young (141312K), 11 survivors (11264K)
 Metaspace       used 113919K, committed 114880K, reserved 1179648K
  class space    used 15335K, committed 15808K, reserved 1048576K
}
Event: 3086.636 GC heap after
{Heap after GC invocations=65 (full 0):
 garbage-first heap   total 393216K, used 196629K [0x0000000080000000, 0x0000000100000000)
  region size 1024K, 5 young (5120K), 5 survivors (5120K)
 Metaspace       used 113919K, committed 114880K, reserved 1179648K
  class space    used 15335K, committed 15808K, reserved 1048576K
}
Event: 4572.310 GC heap before
{Heap before GC invocations=65 (full 0):
 garbage-first heap   total 393216K, used 225301K [0x0000000080000000, 0x0000000100000000)
  region size 1024K, 33 young (33792K), 5 survivors (5120K)
 Metaspace       used 113929K, committed 114880K, reserved 1179648K
  class space    used 15335K, committed 15808K, reserved 1048576K
}
Event: 4572.571 GC heap after
{Heap after GC invocations=66 (full 0):
 garbage-first heap   total 393216K, used 197221K [0x0000000080000000, 0x0000000100000000)
  region size 1024K, 1 young (1024K), 1 survivors (1024K)
 Metaspace       used 113929K, committed 114880K, reserved 1179648K
  class space    used 15335K, committed 15808K, reserved 1048576K
}
Event: 5984.277 GC heap before
{Heap before GC invocations=67 (full 0):
 garbage-first heap   total 393216K, used 282213K [0x0000000080000000, 0x0000000100000000)
  region size 1024K, 85 young (87040K), 1 survivors (1024K)
 Metaspace       used 114553K, committed 115456K, reserved 1179648K
  class space    used 15361K, committed 15872K, reserved 1048576K
}
Event: 5984.321 GC heap after
{Heap after GC invocations=68 (full 0):
 garbage-first heap   total 393216K, used 203121K [0x0000000080000000, 0x0000000100000000)
  region size 1024K, 7 young (7168K), 7 survivors (7168K)
 Metaspace       used 114553K, committed 115456K, reserved 1179648K
  class space    used 15361K, committed 15872K, reserved 1048576K
}
Event: 5985.055 GC heap before
{Heap before GC invocations=68 (full 0):
 garbage-first heap   total 393216K, used 215409K [0x0000000080000000, 0x0000000100000000)
  region size 1024K, 19 young (19456K), 7 survivors (7168K)
 Metaspace       used 115061K, committed 115968K, reserved 1179648K
  class space    used 15431K, committed 15872K, reserved 1048576K
}
Event: 5985.476 GC heap after
{Heap after GC invocations=69 (full 0):
 garbage-first heap   total 393216K, used 200118K [0x0000000080000000, 0x0000000100000000)
  region size 1024K, 2 young (2048K), 2 survivors (2048K)
 Metaspace       used 115061K, committed 115968K, reserved 1179648K
  class space    used 15431K, committed 15872K, reserved 1048576K
}
Event: 5991.669 GC heap before
{Heap before GC invocations=69 (full 0):
 garbage-first heap   total 393216K, used 274870K [0x0000000080000000, 0x0000000100000000)
  region size 1024K, 76 young (77824K), 2 survivors (2048K)
 Metaspace       used 117188K, committed 118144K, reserved 1179648K
  class space    used 15700K, committed 16128K, reserved 1048576K
}
Event: 5991.694 GC heap after
{Heap after GC invocations=70 (full 0):
 garbage-first heap   total 393216K, used 208521K [0x0000000080000000, 0x0000000100000000)
  region size 1024K, 10 young (10240K), 10 survivors (10240K)
 Metaspace       used 117188K, committed 118144K, reserved 1179648K
  class space    used 15700K, committed 16128K, reserved 1048576K
}
Event: 5992.319 GC heap before
{Heap before GC invocations=70 (full 0):
 garbage-first heap   total 393216K, used 226953K [0x0000000080000000, 0x0000000100000000)
  region size 1024K, 29 young (29696K), 10 survivors (10240K)
 Metaspace       used 117834K, committed 118720K, reserved 1179648K
  class space    used 15818K, committed 16256K, reserved 1048576K
}
Event: 5992.360 GC heap after
{Heap after GC invocations=71 (full 0):
 garbage-first heap   total 393216K, used 212053K [0x0000000080000000, 0x0000000100000000)
  region size 1024K, 4 young (4096K), 4 survivors (4096K)
 Metaspace       used 117834K, committed 118720K, reserved 1179648K
  class space    used 15818K, committed 16256K, reserved 1048576K
}

